<?xml version="1.0" encoding="UTF-8"?>
<!-- Generated by org.testng.reporters.JUnitReportReporter -->
<testsuite hostname="users-MBP" failures="0" tests="1" name="Greenmouse.Pikaboo.tests.admin" time="10.801" errors="0" timestamp="2023-07-04T14:20:40 WAT" skipped="0">
  <testcase classname="Greenmouse.Pikaboo.tests.admin" name="lauch" time="10.801"/>
  <system-out/>
</testsuite> <!-- Greenmouse.Pikaboo.tests.admin -->
