<?xml version="1.0" encoding="UTF-8"?>
<!-- Generated by org.testng.reporters.JUnitReportReporter -->
<testsuite hostname="users-MBP" failures="0" tests="1" name="Greenmouse.Pikaboo.tests.AdminCreateZone" time="161.640" errors="0" timestamp="2023-10-20T13:51:20 WAT" skipped="0">
  <testcase classname="Greenmouse.Pikaboo.tests.AdminCreateZone" name="adminAddZone" time="161.640"/>
  <system-out/>
</testsuite> <!-- Greenmouse.Pikaboo.tests.AdminCreateZone -->
