<?xml version="1.0" encoding="UTF-8"?>
<!-- Generated by org.testng.reporters.JUnitReportReporter -->
<testsuite hostname="users-MBP" failures="0" tests="1" name="Greenmouse.Pikaboo.tests.AdminCreateFleetMg" time="771.297" errors="0" timestamp="2023-09-14T10:56:08 WAT" skipped="0">
  <testcase classname="Greenmouse.Pikaboo.tests.AdminCreateFleetMg" name="adminCreateFleetMg" time="771.297"/>
  <system-out/>
</testsuite> <!-- Greenmouse.Pikaboo.tests.AdminCreateFleetMg -->
