<?xml version="1.0" encoding="UTF-8"?>
<!-- Generated by org.testng.reporters.JUnitReportReporter -->
<testsuite hostname="users-MacBook-Pro.local" failures="0" tests="1" name="Greenmouse.Pikaboo.tests.adminCreateFleetManager" time="15.147" errors="0" timestamp="2023-07-12T14:56:00 WAT" skipped="0">
  <testcase classname="Greenmouse.Pikaboo.tests.adminCreateFleetManager" name="adminCreateFleetMg" time="15.147"/>
  <system-out/>
</testsuite> <!-- Greenmouse.Pikaboo.tests.adminCreateFleetManager -->
